<?xml version="1.0" encoding="UTF-8"?>
<!-- Generated by org.testng.reporters.JUnitReportReporter -->
<testsuite hostname="Suvam" failures="0" tests="1" name="practice_ser.PostDataUsingHashMap" time="1.684" errors="0" timestamp="2024-08-22T10:34:08 IST" skipped="0">
  <testcase classname="practice_ser.PostDataUsingHashMap" name="postDataToServer" time="1.684"/>
</testsuite> <!-- practice_ser.PostDataUsingHashMap -->
