<?xml version="1.0" encoding="UTF-8"?>
<!-- Generated by org.testng.reporters.JUnitReportReporter -->
<testsuite hostname="Suvam" failures="0" tests="1" name="com.sample.crud.withoutBDD.SampleTestForREADTest$SampleTest" time="1.167" errors="0" timestamp="2024-08-19T15:49:31 IST" skipped="0">
  <testcase classname="com.sample.crud.withoutBDD.SampleTestForREADTest$SampleTest" name="getDataFromServer" time="1.167"/>
</testsuite> <!-- com.sample.crud.withoutBDD.SampleTestForREADTest$SampleTest -->
