<?xml version="1.0" encoding="UTF-8"?>
<!-- Generated by org.testng.reporters.JUnitReportReporter -->
<testsuite hostname="Suvam" failures="0" tests="1" name="com.sample.crud.withoutBDD.SampleTestForREADTest" time="0.861" errors="0" timestamp="2024-08-20T19:00:46 IST" skipped="0">
  <testcase classname="com.sample.crud.withoutBDD.SampleTestForREADTest" name="deleteDataFromServer" time="0.861"/>
</testsuite> <!-- com.sample.crud.withoutBDD.SampleTestForREADTest -->
