<?xml version="1.0" encoding="UTF-8"?>
<!-- Generated by org.testng.reporters.JUnitReportReporter -->
<testsuite hostname="Suvam" failures="0" tests="1" name="requestChaning.Senario_2_AddEmpToTheProject" time="2.270" errors="0" timestamp="2024-08-23T15:56:26 IST" skipped="0">
  <testcase classname="requestChaning.Senario_2_AddEmpToTheProject" name="postDataToServer" time="2.270"/>
</testsuite> <!-- requestChaning.Senario_2_AddEmpToTheProject -->
