<?xml version="1.0" encoding="UTF-8"?>
<!-- Generated by org.testng.reporters.JUnitReportReporter -->
<testsuite hostname="Suvam" failures="0" tests="1" name="encryption.UpdatePayrollInfoViaAESEncription" time="1.315" errors="0" timestamp="2024-08-26T12:48:41 IST" skipped="0">
  <testcase classname="encryption.UpdatePayrollInfoViaAESEncription" name="sampleTest" time="1.315"/>
</testsuite> <!-- encryption.UpdatePayrollInfoViaAESEncription -->
