<?xml version="1.0" encoding="UTF-8"?>
<!-- Generated by org.testng.reporters.JUnitReportReporter -->
<testsuite hostname="Suvam" failures="0" tests="15" name="requestChaining.DeleteAllProjects" time="7.040" errors="0" timestamp="2024-08-30T13:11:35 IST" skipped="0">
  <testcase classname="requestChaining.DeleteAllProjects" name="deleteAllProjectFromServer" time="0.363"/>
  <testcase classname="requestChaining.DeleteAllProjects" name="deleteAllProjectFromServer" time="0.382"/>
  <testcase classname="requestChaining.DeleteAllProjects" name="deleteAllProjectFromServer" time="0.338"/>
  <testcase classname="requestChaining.DeleteAllProjects" name="deleteAllProjectFromServer" time="0.130"/>
  <testcase classname="requestChaining.DeleteAllProjects" name="deleteAllProjectFromServer" time="0.342"/>
  <testcase classname="requestChaining.DeleteAllProjects" name="deleteAllProjectFromServer" time="0.396"/>
  <testcase classname="requestChaining.DeleteAllProjects" name="deleteAllProjectFromServer" time="2.198"/>
  <testcase classname="requestChaining.DeleteAllProjects" name="deleteAllProjectFromServer" time="0.371"/>
  <testcase classname="requestChaining.DeleteAllProjects" name="deleteAllProjectFromServer" time="0.358"/>
  <testcase classname="requestChaining.DeleteAllProjects" name="deleteAllProjectFromServer" time="0.586"/>
  <testcase classname="requestChaining.DeleteAllProjects" name="deleteAllProjectFromServer" time="0.304"/>
  <testcase classname="requestChaining.DeleteAllProjects" name="deleteAllProjectFromServer" time="0.260"/>
  <testcase classname="requestChaining.DeleteAllProjects" name="deleteAllProjectFromServer" time="0.331"/>
  <testcase classname="requestChaining.DeleteAllProjects" name="deleteAllProjectFromServer" time="0.340"/>
  <testcase classname="requestChaining.DeleteAllProjects" name="deleteAllProjectFromServer" time="0.341"/>
</testsuite> <!-- requestChaining.DeleteAllProjects -->
