<?xml version="1.0" encoding="UTF-8"?>
<!-- Generated by org.testng.reporters.JUnitReportReporter -->
<testsuite hostname="Suvam" failures="0" tests="1" name="requestChaning.DeleteAllProjects" time="1.380" errors="0" timestamp="2024-08-23T13:28:03 IST" skipped="0">
  <testcase classname="requestChaning.DeleteAllProjects" name="deleteAllProjectFromServer" time="1.380"/>
</testsuite> <!-- requestChaning.DeleteAllProjects -->
