<?xml version="1.0" encoding="UTF-8"?>
<!-- Generated by org.testng.reporters.JUnitReportReporter -->
<testsuite hostname="Suvam" failures="0" tests="1" name="encryption.AESEncriptedTest" time="0.039" errors="0" timestamp="2024-08-26T11:28:14 IST" skipped="0">
  <testcase classname="encryption.AESEncriptedTest" name="sampleTest" time="0.039"/>
</testsuite> <!-- encryption.AESEncriptedTest -->
