<?xml version="1.0" encoding="UTF-8"?>
<!-- Generated by org.testng.reporters.JUnitReportReporter -->
<testsuite hostname="Suvam" failures="0" tests="1" name="encryption.API_EncodeTest" time="1.478" errors="0" timestamp="2024-08-26T10:17:02 IST" skipped="0">
  <testcase classname="encryption.API_EncodeTest" name="sampleTest" time="1.478"/>
</testsuite> <!-- encryption.API_EncodeTest -->
