<?xml version="1.0" encoding="UTF-8"?>
<!-- Generated by org.testng.reporters.JUnitReportReporter -->
<testsuite hostname="Suvam" failures="0" tests="1" name="samplePackage.SampleTest" time="1.275" errors="0" timestamp="2024-08-16T13:15:38 IST" skipped="0">
  <testcase classname="samplePackage.SampleTest" name="sampleGetReqTest" time="1.275"/>
</testsuite> <!-- samplePackage.SampleTest -->
