<?xml version="1.0" encoding="UTF-8"?>
<!-- Generated by org.testng.reporters.JUnitReportReporter -->
<testsuite hostname="Suvam" failures="0" tests="1" name="requestChaning.Senario1_Delete_Project" time="2.268" errors="0" timestamp="2024-08-23T13:13:16 IST" skipped="0">
  <testcase classname="requestChaning.Senario1_Delete_Project" name="postDataToServer" time="2.268"/>
</testsuite> <!-- requestChaning.Senario1_Delete_Project -->
