<?xml version="1.0" encoding="UTF-8"?>
<!-- Generated by org.testng.reporters.JUnitReportReporter -->
<testsuite hostname="Suvam" failures="0" tests="1" name="typesParameters.FormParametersTest" time="1.108" errors="0" timestamp="2024-08-24T10:36:20 IST" skipped="0">
  <testcase classname="typesParameters.FormParametersTest" name="sampleTest" time="1.108"/>
</testsuite> <!-- typesParameters.FormParametersTest -->
