<?xml version="1.0" encoding="UTF-8"?>
<!-- Generated by org.testng.reporters.JUnitReportReporter -->
<testsuite hostname="Suvam" failures="0" tests="10" name="dataDrivenTesting.AddMultipleProjectTest" time="1.460" errors="0" timestamp="2024-08-26T15:42:28 IST" skipped="0">
  <testcase classname="dataDrivenTesting.AddMultipleProjectTest" name="sampleTest" time="0.016"/>
  <testcase classname="dataDrivenTesting.AddMultipleProjectTest" name="sampleTest" time="0.018"/>
  <testcase classname="dataDrivenTesting.AddMultipleProjectTest" name="sampleTest" time="0.021"/>
  <testcase classname="dataDrivenTesting.AddMultipleProjectTest" name="sampleTest" time="0.016"/>
  <testcase classname="dataDrivenTesting.AddMultipleProjectTest" name="sampleTest" time="1.268"/>
  <testcase classname="dataDrivenTesting.AddMultipleProjectTest" name="sampleTest" time="0.019"/>
  <testcase classname="dataDrivenTesting.AddMultipleProjectTest" name="sampleTest" time="0.040"/>
  <testcase classname="dataDrivenTesting.AddMultipleProjectTest" name="sampleTest" time="0.018"/>
  <testcase classname="dataDrivenTesting.AddMultipleProjectTest" name="sampleTest" time="0.022"/>
  <testcase classname="dataDrivenTesting.AddMultipleProjectTest" name="sampleTest" time="0.022"/>
</testsuite> <!-- dataDrivenTesting.AddMultipleProjectTest -->
