<?xml version="1.0" encoding="UTF-8"?>
<!-- Generated by org.testng.reporters.JUnitReportReporter -->
<testsuite hostname="Suvam" failures="0" tests="1" name="practice_ser.PostDataUsingJSONfile" time="1.382" errors="0" timestamp="2024-08-22T10:58:03 IST" skipped="0">
  <testcase classname="practice_ser.PostDataUsingJSONfile" name="postDataToServer" time="1.382"/>
</testsuite> <!-- practice_ser.PostDataUsingJSONfile -->
