<?xml version="1.0" encoding="UTF-8"?>
<!-- Generated by org.testng.reporters.JUnitReportReporter -->
<testsuite hostname="Suvam" failures="0" tests="1" name="practice.response.validation.ResponseDisplayAllProjects" time="1.935" errors="0" timestamp="2024-08-23T12:31:01 IST" skipped="0">
  <testcase classname="practice.response.validation.ResponseDisplayAllProjects" name="verifyHeader" time="1.935"/>
</testsuite> <!-- practice.response.validation.ResponseDisplayAllProjects -->
