<?xml version="1.0" encoding="UTF-8"?>
<!-- Generated by org.testng.reporters.JUnitReportReporter -->
<testsuite hostname="Suvam" failures="0" tests="1" name="panCardMock.PaymentTest" time="1.785" errors="0" timestamp="2024-08-29T10:39:00 IST" skipped="0">
  <testcase classname="panCardMock.PaymentTest" name="paymentAPItest" time="1.785"/>
</testsuite> <!-- panCardMock.PaymentTest -->
