<?xml version="1.0" encoding="UTF-8"?>
<!-- Generated by org.testng.reporters.JUnitReportReporter -->
<testsuite hostname="Suvam" failures="0" tests="1" name="samplePackage.MethodChaningAndStaticImport" time="6.025" errors="0" timestamp="2024-08-19T12:26:28 IST" skipped="0">
  <testcase classname="samplePackage.MethodChaningAndStaticImport" name="sampleGetReqTest" time="6.025"/>
</testsuite> <!-- samplePackage.MethodChaningAndStaticImport -->
