<?xml version="1.0" encoding="UTF-8"?>
<!-- Generated by org.testng.reporters.JUnitReportReporter -->
<testsuite hostname="Suvam" failures="0" tests="3" name="com.comcast.crm.contacttest.ContactTest" time="51.222" errors="0" timestamp="2024-08-01T12:55:24 IST" skipped="0">
  <testcase classname="com.comcast.crm.contacttest.ContactTest" name="createContactWithOrg" time="23.423"/>
  <system-out/>
  <testcase classname="com.comcast.crm.contacttest.ContactTest" name="createContactWithSupportDateTest" time="13.973"/>
  <system-out/>
  <testcase classname="com.comcast.crm.contacttest.ContactTest" name="createContact" time="13.826"/>
  <system-out/>
</testsuite> <!-- com.comcast.crm.contacttest.ContactTest -->
