<?xml version="1.0" encoding="UTF-8"?>
<!-- Generated by org.testng.reporters.JUnitReportReporter -->
<testsuite hostname="Suvam" failures="0" tests="1" name="com.comcast.crm.orgtest.CreateOrganizationWithIndustriesTest2" time="27.326" errors="0" timestamp="2024-07-29T16:33:41 IST" skipped="0">
  <testcase classname="com.comcast.crm.orgtest.CreateOrganizationWithIndustriesTest2" name="reateOrganizationWithIndustries" time="27.326"/>
  <system-out/>
</testsuite> <!-- com.comcast.crm.orgtest.CreateOrganizationWithIndustriesTest2 -->
